<?xml version="1.0" encoding="UTF-8"?>
<!-- Generated by org.testng.reporters.JUnitReportReporter -->
<testsuite skipped="0" hostname="DESKTOP-N60QB27" name="test2.TestCase1" tests="2" failures="0" timestamp="2022-12-16T19:47:17 IST" time="0.008" errors="0">
  <testcase name="doUserRegistration" time="0.007" classname="test2.TestCase1"/>
  <testcase name="doLogin" time="0.001" classname="test2.TestCase1"/>
</testsuite> <!-- test2.TestCase1 -->
