<?xml version="1.0" encoding="UTF-8"?>
<!-- Generated by org.testng.reporters.JUnitReportReporter -->
<testsuite skipped="1" hostname="DESKTOP-N60QB27" name="test2.SkipDemoTest" tests="1" failures="0" timestamp="2022-12-16T19:35:57 IST" time="0.016" errors="0">
  <testcase name="isSkip" time="0.016" classname="test2.SkipDemoTest">
    <skipped/>
  </testcase> <!-- isSkip -->
</testsuite> <!-- test2.SkipDemoTest -->
