<?xml version="1.0" encoding="UTF-8"?>
<!-- Generated by org.testng.reporters.JUnitReportReporter -->
<testsuite skipped="0" hostname="DESKTOP-N60QB27" name="testcases.TestCase1" tests="2" failures="0" timestamp="2022-12-16T16:24:31 IST" time="0.025" errors="0">
  <testcase name="doUserRegistration" time="0.020" classname="testcases.TestCase1"/>
  <testcase name="doLogin" time="0.005" classname="testcases.TestCase1"/>
</testsuite> <!-- testcases.TestCase1 -->
