<?xml version="1.0" encoding="UTF-8"?>
<!-- Generated by org.testng.reporters.JUnitReportReporter -->
<testsuite skipped="0" hostname="DESKTOP-N60QB27" name="testcases.TestCase3" tests="1" failures="0" timestamp="2022-12-16T16:40:56 IST" time="0.001" errors="0">
  <testcase name="doUserRegistration" time="0.001" classname="testcases.TestCase3"/>
</testsuite> <!-- testcases.TestCase3 -->
